  Source.cpp
e:\programming_tools\opencv\opencv\build\include\opencv2\core\mat.hpp(2586): warning C4819: The file contains a character that cannot be represented in the current code page (936). Save the file in Unicode format to prevent data loss
e:\programming_tools\opencv\opencv\build\include\opencv2\core\persistence.hpp : warning C4819: The file contains a character that cannot be represented in the current code page (936). Save the file in Unicode format to prevent data loss
e:\programming_tools\opencv\opencv\build\include\opencv2\core\utility.hpp : warning C4819: The file contains a character that cannot be represented in the current code page (936). Save the file in Unicode format to prevent data loss
e:\programming_tools\opencv\opencv\build\include\opencv2\core\utility.hpp : warning C4819: The file contains a character that cannot be represented in the current code page (936). Save the file in Unicode format to prevent data loss
e:\programming_tools\opencv\opencv\build\include\opencv2\imgproc.hpp(592): warning C4819: The file contains a character that cannot be represented in the current code page (936). Save the file in Unicode format to prevent data loss
  RotationLibrary.cpp
e:\programming_tools\opencv\opencv\build\include\opencv2\core\mat.hpp(2586): warning C4819: The file contains a character that cannot be represented in the current code page (936). Save the file in Unicode format to prevent data loss
e:\programming_tools\opencv\opencv\build\include\opencv2\core\persistence.hpp : warning C4819: The file contains a character that cannot be represented in the current code page (936). Save the file in Unicode format to prevent data loss
e:\programming_tools\opencv\opencv\build\include\opencv2\core\utility.hpp : warning C4819: The file contains a character that cannot be represented in the current code page (936). Save the file in Unicode format to prevent data loss
e:\programming_tools\opencv\opencv\build\include\opencv2\core\utility.hpp : warning C4819: The file contains a character that cannot be represented in the current code page (936). Save the file in Unicode format to prevent data loss
e:\programming_tools\opencv\opencv\build\include\opencv2\imgproc.hpp(592): warning C4819: The file contains a character that cannot be represented in the current code page (936). Save the file in Unicode format to prevent data loss
d:\documents\visual studio 2017\projects\image_rotation\image_rotation\rotationlibrary.cpp(37): warning C4244: '=': conversion from 'double' to 'MathType', possible loss of data
d:\documents\visual studio 2017\projects\image_rotation\image_rotation\rotationlibrary.cpp(75): warning C4244: 'initializing': conversion from 'MathType' to 'int', possible loss of data
d:\documents\visual studio 2017\projects\image_rotation\image_rotation\rotationlibrary.cpp(76): warning C4244: 'initializing': conversion from 'MathType' to 'int', possible loss of data
d:\documents\visual studio 2017\projects\image_rotation\image_rotation\rotationlibrary.cpp(98): warning C4244: 'argument': conversion from 'MathType' to 'int', possible loss of data
d:\documents\visual studio 2017\projects\image_rotation\image_rotation\rotationlibrary.cpp(111): warning C4244: 'argument': conversion from 'int' to 'MathType', possible loss of data
d:\documents\visual studio 2017\projects\image_rotation\image_rotation\rotationlibrary.cpp(112): warning C4244: 'argument': conversion from 'int' to 'MathType', possible loss of data
d:\documents\visual studio 2017\projects\image_rotation\image_rotation\rotationlibrary.cpp(114): warning C4244: 'argument': conversion from 'int' to 'MathType', possible loss of data
d:\documents\visual studio 2017\projects\image_rotation\image_rotation\rotationlibrary.cpp(128): warning C4244: 'argument': conversion from 'MathType' to 'int', possible loss of data
d:\documents\visual studio 2017\projects\image_rotation\image_rotation\rotationlibrary.cpp(141): warning C4244: 'argument': conversion from 'MathType' to 'int', possible loss of data
  Generating Code...
  Image_Rotation.vcxproj -> d:\documents\visual studio 2017\Projects\Image_Rotation\x64\Debug\Image_Rotation.exe
  Image_Rotation.vcxproj -> d:\documents\visual studio 2017\Projects\Image_Rotation\x64\Debug\Image_Rotation.pdb (Partial PDB)
