  SoundGenerator.cpp
f:\github\exercise\multimedia assignments\assignment 02 - soundsgenerationofdifferentpitchtones\soundsgenerationofdifferentpitchtones\wav_lib.h(53): warning C4804: '~': unsafe use of type 'bool' in operation
f:\github\exercise\multimedia assignments\assignment 02 - soundsgenerationofdifferentpitchtones\soundsgenerationofdifferentpitchtones\soundgenerator.h(53): warning C4091: 'typedef ': ignored on left of 'MusicalNote' when no variable is declared
f:\github\exercise\multimedia assignments\assignment 02 - soundsgenerationofdifferentpitchtones\soundsgenerationofdifferentpitchtones\soundgenerator.cpp(69): warning C4244: '=': conversion from 'int' to 'float', possible loss of data
f:\github\exercise\multimedia assignments\assignment 02 - soundsgenerationofdifferentpitchtones\soundsgenerationofdifferentpitchtones\soundgenerator.cpp(73): warning C4244: '=': conversion from 'int' to 'float', possible loss of data
f:\github\exercise\multimedia assignments\assignment 02 - soundsgenerationofdifferentpitchtones\soundsgenerationofdifferentpitchtones\soundgenerator.cpp(79): warning C4244: 'argument': conversion from 'int' to 'float', possible loss of data
f:\github\exercise\multimedia assignments\assignment 02 - soundsgenerationofdifferentpitchtones\soundsgenerationofdifferentpitchtones\soundgenerator.cpp(80): warning C4244: 'argument': conversion from 'int' to 'float', possible loss of data
f:\github\exercise\multimedia assignments\assignment 02 - soundsgenerationofdifferentpitchtones\soundsgenerationofdifferentpitchtones\soundgenerator.cpp(96): warning C4244: '=': conversion from 'int' to 'float', possible loss of data
f:\github\exercise\multimedia assignments\assignment 02 - soundsgenerationofdifferentpitchtones\soundsgenerationofdifferentpitchtones\soundgenerator.cpp(100): warning C4244: '=': conversion from 'int' to 'float', possible loss of data
f:\github\exercise\multimedia assignments\assignment 02 - soundsgenerationofdifferentpitchtones\soundsgenerationofdifferentpitchtones\soundgenerator.cpp(106): warning C4244: 'argument': conversion from 'int' to 'float', possible loss of data
f:\github\exercise\multimedia assignments\assignment 02 - soundsgenerationofdifferentpitchtones\soundsgenerationofdifferentpitchtones\soundgenerator.cpp(107): warning C4244: 'argument': conversion from 'int' to 'float', possible loss of data
f:\github\exercise\multimedia assignments\assignment 02 - soundsgenerationofdifferentpitchtones\soundsgenerationofdifferentpitchtones\soundgenerator.cpp(128): warning C4244: 'argument': conversion from 'double' to 'int', possible loss of data
f:\github\exercise\multimedia assignments\assignment 02 - soundsgenerationofdifferentpitchtones\soundsgenerationofdifferentpitchtones\soundgenerator.cpp(135): warning C4244: 'argument': conversion from 'double' to 'int', possible loss of data
f:\github\exercise\multimedia assignments\assignment 02 - soundsgenerationofdifferentpitchtones\soundsgenerationofdifferentpitchtones\soundgenerator.cpp(136): warning C4244: 'argument': conversion from 'double' to 'int', possible loss of data
f:\github\exercise\multimedia assignments\assignment 02 - soundsgenerationofdifferentpitchtones\soundsgenerationofdifferentpitchtones\soundgenerator.cpp(145): warning C4244: 'argument': conversion from 'double' to 'int', possible loss of data
f:\github\exercise\multimedia assignments\assignment 02 - soundsgenerationofdifferentpitchtones\soundsgenerationofdifferentpitchtones\soundgenerator.cpp(150): warning C4244: 'argument': conversion from 'double' to 'int', possible loss of data
f:\github\exercise\multimedia assignments\assignment 02 - soundsgenerationofdifferentpitchtones\soundsgenerationofdifferentpitchtones\soundgenerator.cpp(162): warning C4244: 'argument': conversion from 'double' to 'int', possible loss of data
f:\github\exercise\multimedia assignments\assignment 02 - soundsgenerationofdifferentpitchtones\soundsgenerationofdifferentpitchtones\soundgenerator.cpp(169): warning C4244: 'argument': conversion from 'double' to 'int', possible loss of data
f:\github\exercise\multimedia assignments\assignment 02 - soundsgenerationofdifferentpitchtones\soundsgenerationofdifferentpitchtones\soundgenerator.cpp(183): warning C4018: '<': signed/unsigned mismatch
f:\github\exercise\multimedia assignments\assignment 02 - soundsgenerationofdifferentpitchtones\soundsgenerationofdifferentpitchtones\soundgenerator.cpp(201): warning C4018: '<': signed/unsigned mismatch
f:\github\exercise\multimedia assignments\assignment 02 - soundsgenerationofdifferentpitchtones\soundsgenerationofdifferentpitchtones\soundgenerator.cpp(205): warning C4018: '<': signed/unsigned mismatch
f:\github\exercise\multimedia assignments\assignment 02 - soundsgenerationofdifferentpitchtones\soundsgenerationofdifferentpitchtones\soundgenerator.cpp(218): warning C4244: 'argument': conversion from 'float' to 'int', possible loss of data
f:\github\exercise\multimedia assignments\assignment 02 - soundsgenerationofdifferentpitchtones\soundsgenerationofdifferentpitchtones\soundgenerator.cpp(219): warning C4244: 'argument': conversion from 'float' to 'int', possible loss of data
f:\github\exercise\multimedia assignments\assignment 02 - soundsgenerationofdifferentpitchtones\soundsgenerationofdifferentpitchtones\soundgenerator.cpp(226): warning C4244: 'argument': conversion from 'float' to 'int', possible loss of data
f:\github\exercise\multimedia assignments\assignment 02 - soundsgenerationofdifferentpitchtones\soundsgenerationofdifferentpitchtones\soundgenerator.cpp(227): warning C4244: 'argument': conversion from 'float' to 'int', possible loss of data
f:\github\exercise\multimedia assignments\assignment 02 - soundsgenerationofdifferentpitchtones\soundsgenerationofdifferentpitchtones\soundgenerator.cpp(229): warning C4018: '<': signed/unsigned mismatch
  SoundsGenerationOfDifferentPitchTones.vcxproj -> F:\Github\Exercise\Multimedia Assignments\Assignment 02 - SoundsGenerationOfDifferentPitchTones\Debug\SoundsGenerationOfDifferentPitchTones.exe
